e:\local github\calcfraction\consoleapplication1\debug\vc140.pdb
e:\local github\calcfraction\consoleapplication1\debug\vc140.idb
e:\local github\calcfraction\consoleapplication1\debug\source.obj
e:\local github\calcfraction\consoleapplication1\debug\fraction.obj
e:\local github\calcfraction\consoleapplication1\debug\consoleapplication1.ilk
e:\local github\calcfraction\consoleapplication1\debug\consoleapplication1.exe
e:\local github\calcfraction\consoleapplication1\debug\consoleapplication1.pdb
d:\download\calcfraction-master\calcfraction-master\consoleapplication1\debug\fraction.obj
d:\download\calcfraction-master\calcfraction-master\consoleapplication1\debug\source.obj
d:\download\calcfraction-master\calcfraction-master\consoleapplication1\debug\consoleapplication1.ilk
d:\download\calcfraction-master\calcfraction-master\consoleapplication1\debug\vc140.idb
d:\download\calcfraction-master\calcfraction-master\consoleapplication1\debug\consoleapplication1.pdb
d:\download\calcfraction-master\calcfraction-master\consoleapplication1\debug\vc140.pdb
d:\download\calcfraction-master\calcfraction-master\consoleapplication1\debug\consoleapplication1.exe
d:\download\calcfraction-master\calcfraction-master\consoleapplication1\debug\consolea.7cf2ce46.tlog\cl.command.1.tlog
d:\download\calcfraction-master\calcfraction-master\consoleapplication1\debug\consolea.7cf2ce46.tlog\cl.read.1.tlog
d:\download\calcfraction-master\calcfraction-master\consoleapplication1\debug\consolea.7cf2ce46.tlog\cl.write.1.tlog
d:\download\calcfraction-master\calcfraction-master\consoleapplication1\debug\consolea.7cf2ce46.tlog\link.command.1.tlog
d:\download\calcfraction-master\calcfraction-master\consoleapplication1\debug\consolea.7cf2ce46.tlog\link.read.1.tlog
d:\download\calcfraction-master\calcfraction-master\consoleapplication1\debug\consolea.7cf2ce46.tlog\link.write.1.tlog
